#
# A fatal error has been detected by the Java Runtime Environment:
#
#  SIGSEGV (0xb) at pc=0xb3b919ea, pid=1484, tid=3063745344
#
# JRE version: OpenJDK Runtime Environment (7.0_65-b32) (build 1.7.0_65-b32)
# Java VM: OpenJDK Client VM (24.65-b04 mixed mode, sharing linux-x86 )
# Derivative: IcedTea 2.5.3
# Distribution: Ubuntu 14.04 LTS, package 7u71-2.5.3-0ubuntu0.14.04.1
# Problematic frame:
# C  [libglib-2.0.so.0+0x369ea]  g_str_hash+0xa
#
# Failed to write core dump. Core dumps have been disabled. To enable core dumping, try "ulimit -c unlimited" before starting Java again
#
# If you would like to submit a bug report, please include
# instructions on how to reproduce the bug and visit:
#   http://icedtea.classpath.org/bugzilla
# The crash happened outside the Java Virtual Machine in native code.
# See problematic frame for where to report the bug.
#

---------------  T H R E A D  ---------------

Current thread (0xb6807800):  JavaThread "main" [_thread_in_native, id=1485, stack(0xb6980000,0xb69d1000)]

siginfo:si_signo=SIGSEGV: si_errno=0, si_code=1 (SEGV_MAPERR), si_addr=0x00000000

Registers:
EAX=0x00001505, EBX=0xb3c66000, ECX=0x00000000, EDX=0x00000000
ESP=0xb69cea98, EBP=0xb186d130, ESI=0xaaf99520, EDI=0xb370a4a8
EIP=0xb3b919ea, EFLAGS=0x00210286, CR2=0x00000000

Top of Stack: (sp=0xb69cea98)
0xb69cea98:   aaf99520 b3b9087a 00000000 b357244e
0xb69ceaa8:   b69ceac8 b3b86b5d b3c97a00 b36fc000
0xb69ceab8:   b180b610 b3cb8000 aaf99520 b370a4a8
0xb69ceac8:   00000000 b3c78fab aaf99528 00000050
0xb69cead8:   b2bd4a59 b2bde000 aaf99520 b370a4a8
0xb69ceae8:   aaf99f20 b2bd7e2c aaf99520 00000000
0xb69ceaf8:   aaf99520 b2bde1e0 b2bcdd3c b2bcd95c
0xb69ceb08:   ab1aa930 aaf99f20 00000000 00000001 

Instructions: (pc=0xb3b919ea)
0xb3b919ca:   20 89 04 24 e8 dd e1 fd ff 85 c0 0f 94 c0 83 c4
0xb3b919da:   18 0f b6 c0 5b c3 56 8b 4c 24 08 b8 05 15 00 00
0xb3b919ea:   0f be 11 84 d2 74 1a 8d b4 26 00 00 00 00 89 c6
0xb3b919fa:   83 c1 01 c1 e6 05 01 f2 01 d0 0f be 11 84 d2 75 

Register to memory mapping:

EAX=0x00001505 is an unknown value
EBX=0xb3c66000: <offset 0x10b000> in /lib/i386-linux-gnu/libglib-2.0.so.0 at 0xb3b5b000
ECX=0x00000000 is an unknown value
EDX=0x00000000 is an unknown value
ESP=0xb69cea98 is pointing into the stack for thread: 0xb6807800
EBP=0xb186d130 is an unknown value
ESI=0xaaf99520 is an unknown value
EDI=0xb370a4a8 is an unknown value


Stack: [0xb6980000,0xb69d1000],  sp=0xb69cea98,  free space=314k
Native frames: (J=compiled Java code, j=interpreted, Vv=VM code, C=native code)
C  [libglib-2.0.so.0+0x369ea]  g_str_hash+0xa

Java frames: (J=compiled Java code, j=interpreted, Vv=VM code)
j  org.eclipse.swt.internal.gtk.OS._gtk_widget_show(I)V+0
j  org.eclipse.swt.internal.gtk.OS.gtk_widget_show(I)V+8
j  org.eclipse.swt.widgets.MenuItem.createHandle(I)V+245
j  org.eclipse.swt.widgets.Widget.createWidget(I)V+2
j  org.eclipse.swt.widgets.MenuItem.<init>(Lorg/eclipse/swt/widgets/Menu;I)V+19
j  smartgit.Jd.c(Lsmartgit/IY;Lorg/eclipse/swt/widgets/Menu;)Lorg/eclipse/swt/widgets/MenuItem;+82
j  smartgit.Jd.a(Lsmartgit/IY;Lorg/eclipse/swt/widgets/Menu;)Lorg/eclipse/swt/widgets/MenuItem;+58
j  smartgit.Pv.a(Lsmartgit/Pp;Z)V+27
j  smartgit.Pv.a(Lsmartgit/Pt;)V+3
j  smartgit.Pv.a()V+120
j  smartgit.Pi.a()V+40
j  smartgit.Pp.c()V+4
j  smartgit.Pp.a(Lsmartgit/Pp;)V+1
j  smartgit.Pq.c()V+4
j  com.syntevo.q.gui.aN.a(Lorg/eclipse/swt/widgets/Event;)V+389
j  com.syntevo.q.gui.aN.a(Lcom/syntevo/q/gui/aN;Lorg/eclipse/swt/widgets/Event;)V+2
j  com.syntevo.q.gui.aO.handleEvent(Lorg/eclipse/swt/widgets/Event;)V+5
J 831 C1 org.eclipse.swt.widgets.EventTable.sendEvent(Lorg/eclipse/swt/widgets/Event;)V (532 bytes) @ 0xb4a4fa2f [0xb4a4f970+0xbf]
j  org.eclipse.swt.widgets.Widget.sendEvent(Lorg/eclipse/swt/widgets/Event;)V+25
j  org.eclipse.swt.widgets.Widget.sendEvent(ILorg/eclipse/swt/widgets/Event;Z)V+73
j  org.eclipse.swt.widgets.Widget.sendEvent(I)V+4
j  org.eclipse.swt.widgets.Shell.filterProc(III)I+166
j  org.eclipse.swt.widgets.Display.filterProc(III)I+19
v  ~StubRoutines::call_stub
j  org.eclipse.swt.internal.gtk.OS._g_main_context_iteration(IZ)Z+0
j  org.eclipse.swt.internal.gtk.OS.g_main_context_iteration(IZ)Z+9
j  org.eclipse.swt.widgets.Display.readAndDispatch()Z+36
j  com.syntevo.q.gui.cF.e()V+12
j  smartgit.arC.a(Ljava/lang/String;Lsmartgit/aaA;Lsmartgit/aby;Lsmartgit/aLH;Ljava/lang/Boolean;Lsmartgit/Vb;)V+246
j  smartgit.arC.a(Ljoptsimple/OptionSet;)V+383
j  smartgit.abc.b()V+60
j  SmartGit.main([Ljava/lang/String;)V+8
v  ~StubRoutines::call_stub
j  sun.reflect.NativeMethodAccessorImpl.invoke0(Ljava/lang/reflect/Method;Ljava/lang/Object;[Ljava/lang/Object;)Ljava/lang/Object;+0
j  sun.reflect.NativeMethodAccessorImpl.invoke(Ljava/lang/Object;[Ljava/lang/Object;)Ljava/lang/Object;+87
j  sun.reflect.DelegatingMethodAccessorImpl.invoke(Ljava/lang/Object;[Ljava/lang/Object;)Ljava/lang/Object;+6
j  java.lang.reflect.Method.invoke(Ljava/lang/Object;[Ljava/lang/Object;)Ljava/lang/Object;+57
j  QBootLoader.main([Ljava/lang/String;)V+764
v  ~StubRoutines::call_stub

---------------  P R O C E S S  ---------------

Java Threads: ( => current thread )
  0xaaf9a400 JavaThread "QThreadPoolThread-4" daemon [_thread_blocked, id=1527, stack(0xab05e000,0xab0af000)]
  0xaaf68c00 JavaThread "QThreadPoolThread-3" daemon [_thread_blocked, id=1526, stack(0xab0af000,0xab100000)]
  0xaaf66c00 JavaThread "QThreadPoolThread-2" daemon [_thread_blocked, id=1525, stack(0xab20a000,0xab25b000)]
  0xab751c00 JavaThread "WorkerThread-1" [_thread_blocked, id=1522, stack(0xab4ba000,0xab50b000)]
  0x09cc2c00 JavaThread "Command-Server" daemon [_thread_in_native, id=1521, stack(0xab56b000,0xab5bc000)]
  0x09cba000 JavaThread "gravatar-fetching-thread" daemon [_thread_blocked, id=1520, stack(0xab5bc000,0xab60d000)]
  0x09bf5c00 JavaThread "Timer-0" daemon [_thread_blocked, id=1519, stack(0xab60d000,0xab65e000)]
  0x09bf4c00 JavaThread "File monitor listener notifier" daemon [_thread_blocked, id=1518, stack(0xab65e000,0xab6af000)]
  0x09be7800 JavaThread "Thread-2" daemon [_thread_in_native, id=1517, stack(0xab6af000,0xab700000)]
  0xb1873400 JavaThread "QThreadPoolThread-1 (smartgit.Fc)" daemon [_thread_blocked, id=1516, stack(0xab820000,0xab871000)]
  0xb183d800 JavaThread "QThreadPoolThread-0 (smartgit.arS)" daemon [_thread_blocked, id=1515, stack(0xab871000,0xab8c2000)]
  0xb39e7000 JavaThread "process reaper" daemon [_thread_blocked, id=1505, stack(0xb3a19000,0xb3a32000)]
  0xb684d400 JavaThread "Service Thread" daemon [_thread_blocked, id=1496, stack(0xb3edd000,0xb3f2e000)]
  0xb684b400 JavaThread "C1 CompilerThread0" daemon [_thread_blocked, id=1495, stack(0xb3f2e000,0xb3faf000)]
  0xb6849800 JavaThread "Signal Dispatcher" daemon [_thread_blocked, id=1491, stack(0xb3faf000,0xb4000000)]
  0xb6833400 JavaThread "Finalizer" daemon [_thread_blocked, id=1489, stack(0xb4333000,0xb4384000)]
  0xb6831c00 JavaThread "Reference Handler" daemon [_thread_blocked, id=1487, stack(0xb4384000,0xb43d5000)]
=>0xb6807800 JavaThread "main" [_thread_in_native, id=1485, stack(0xb6980000,0xb69d1000)]

Other Threads:
  0xb6830400 VMThread [stack: 0xb43d5000,0xb4456000] [id=1486]
  0xb684f800 WatcherThread [stack: 0xb3e5c000,0xb3edd000] [id=1503]

VM state:not at safepoint (normal execution)

VM Mutex/Monitor currently owned by a thread: None

Heap
 def new generation   total 4800K, used 4428K [0x7e800000, 0x7ed30000, 0x83d50000)
  eden space 4288K,  91% used [0x7e800000, 0x7ebd33b8, 0x7ec30000)
  from space 512K,  99% used [0x7ec30000, 0x7ecafff8, 0x7ecb0000)
  to   space 512K,   0% used [0x7ecb0000, 0x7ecb0000, 0x7ed30000)
 tenured generation   total 10752K, used 8868K [0x83d50000, 0x847d0000, 0x8e800000)
   the space 10752K,  82% used [0x83d50000, 0x845f9108, 0x845f9200, 0x847d0000)
 compacting perm gen  total 12288K, used 10653K [0x8e800000, 0x8f400000, 0x92800000)
   the space 12288K,  86% used [0x8e800000, 0x8f267520, 0x8f267600, 0x8f400000)
    ro space 10240K,  58% used [0x92800000, 0x92de0d00, 0x92de0e00, 0x93200000)
    rw space 12288K,  59% used [0x93200000, 0x93915cc0, 0x93915e00, 0x93e00000)

Card table byte_map: [0xb46c7000,0xb4773000] byte_map_base: 0xb42d3000

Polling page: 0xb7781000

Code Cache  [0xb47f3000, 0xb4a7b000, 0xb67f3000)
 total_blobs=1118 nmethods=929 adapters=125 free_code_cache=30182Kb largest_free_block=30906816

Compilation events (10 events):
Event: 3,493 Thread 0xb684b400  931             com.sun.org.apache.xerces.internal.impl.XMLEntityScanner::skipString (104 bytes)
Event: 3,498 Thread 0xb684b400 nmethod 931 0xb4a77a88 code [0xb4a77bc0, 0xb4a77dd4]
Event: 3,505 Thread 0xb684b400  932             java.util.HashMap::initHashSeedAsNeeded (61 bytes)
Event: 3,506 Thread 0xb684b400 nmethod 932 0xb4a78148 code [0xb4a78250, 0xb4a7836c]
Event: 3,513 Thread 0xb684b400  933             java.util.AbstractCollection::addAll (42 bytes)
Event: 3,514 Thread 0xb684b400 nmethod 933 0xb4a783c8 code [0xb4a78500, 0xb4a78628]
Event: 3,572 Thread 0xb684b400  934             java.util.ArrayList::<init> (44 bytes)
Event: 3,573 Thread 0xb684b400 nmethod 934 0xb4a78708 code [0xb4a78870, 0xb4a78b78]
Event: 3,655 Thread 0xb684b400  935   !         java.lang.ClassLoader::findNative (86 bytes)
Event: 3,655 Thread 0xb684b400 nmethod 935 0xb4a78d48 code [0xb4a78ec0, 0xb4a79334]

GC Heap History (10 events):
Event: 2,677 GC heap before
{Heap before GC invocations=13 (full 0):
 def new generation   total 4800K, used 4713K [0x7e800000, 0x7ed30000, 0x83d50000)
  eden space 4288K, 100% used [0x7e800000, 0x7ec30000, 0x7ec30000)
  from space 512K,  83% used [0x7ecb0000, 0x7ed1a690, 0x7ed30000)
  to   space 512K,   0% used [0x7ec30000, 0x7ec30000, 0x7ecb0000)
 tenured generation   total 10752K, used 7419K [0x83d50000, 0x847d0000, 0x8e800000)
   the space 10752K,  69% used [0x83d50000, 0x8448eea8, 0x8448f000, 0x847d0000)
 compacting perm gen  total 12288K, used 7273K [0x8e800000, 0x8f400000, 0x92800000)
   the space 12288K,  59% used [0x8e800000, 0x8ef1a460, 0x8ef1a600, 0x8f400000)
    ro space 10240K,  58% used [0x92800000, 0x92de0d00, 0x92de0e00, 0x93200000)
    rw space 12288K,  59% used [0x93200000, 0x93915cc0, 0x93915e00, 0x93e00000)
Event: 2,680 GC heap after
Heap after GC invocations=14 (full 0):
 def new generation   total 4800K, used 512K [0x7e800000, 0x7ed30000, 0x83d50000)
  eden space 4288K,   0% used [0x7e800000, 0x7e800000, 0x7ec30000)
  from space 512K, 100% used [0x7ec30000, 0x7ecb0000, 0x7ecb0000)
  to   space 512K,   0% used [0x7ecb0000, 0x7ecb0000, 0x7ed30000)
 tenured generation   total 10752K, used 7714K [0x83d50000, 0x847d0000, 0x8e800000)
   the space 10752K,  71% used [0x83d50000, 0x844d8928, 0x844d8a00, 0x847d0000)
 compacting perm gen  total 12288K, used 7273K [0x8e800000, 0x8f400000, 0x92800000)
   the space 12288K,  59% used [0x8e800000, 0x8ef1a460, 0x8ef1a600, 0x8f400000)
    ro space 10240K,  58% used [0x92800000, 0x92de0d00, 0x92de0e00, 0x93200000)
    rw space 12288K,  59% used [0x93200000, 0x93915cc0, 0x93915e00, 0x93e00000)
}
Event: 2,779 GC heap before
{Heap before GC invocations=14 (full 0):
 def new generation   total 4800K, used 4799K [0x7e800000, 0x7ed30000, 0x83d50000)
  eden space 4288K,  99% used [0x7e800000, 0x7ec2fc58, 0x7ec30000)
  from space 512K, 100% used [0x7ec30000, 0x7ecb0000, 0x7ecb0000)
  to   space 512K,   0% used [0x7ecb0000, 0x7ecb0000, 0x7ed30000)
 tenured generation   total 10752K, used 7714K [0x83d50000, 0x847d0000, 0x8e800000)
   the space 10752K,  71% used [0x83d50000, 0x844d8928, 0x844d8a00, 0x847d0000)
 compacting perm gen  total 12288K, used 8255K [0x8e800000, 0x8f400000, 0x92800000)
   the space 12288K,  67% used [0x8e800000, 0x8f00fd28, 0x8f00fe00, 0x8f400000)
    ro space 10240K,  58% used [0x92800000, 0x92de0d00, 0x92de0e00, 0x93200000)
    rw space 12288K,  59% used [0x93200000, 0x93915cc0, 0x93915e00, 0x93e00000)
Event: 2,783 GC heap after
Heap after GC invocations=15 (full 0):
 def new generation   total 4800K, used 511K [0x7e800000, 0x7ed30000, 0x83d50000)
  eden space 4288K,   0% used [0x7e800000, 0x7e800000, 0x7ec30000)
  from space 512K,  99% used [0x7ecb0000, 0x7ed2fff8, 0x7ed30000)
  to   space 512K,   0% used [0x7ec30000, 0x7ec30000, 0x7ecb0000)
 tenured generation   total 10752K, used 7974K [0x83d50000, 0x847d0000, 0x8e800000)
   the space 10752K,  74% used [0x83d50000, 0x84519b40, 0x84519c00, 0x847d0000)
 compacting perm gen  total 12288K, used 8255K [0x8e800000, 0x8f400000, 0x92800000)
   the space 12288K,  67% used [0x8e800000, 0x8f00fd28, 0x8f00fe00, 0x8f400000)
    ro space 10240K,  58% used [0x92800000, 0x92de0d00, 0x92de0e00, 0x93200000)
    rw space 12288K,  59% used [0x93200000, 0x93915cc0, 0x93915e00, 0x93e00000)
}
Event: 2,895 GC heap before
{Heap before GC invocations=15 (full 0):
 def new generation   total 4800K, used 4799K [0x7e800000, 0x7ed30000, 0x83d50000)
  eden space 4288K, 100% used [0x7e800000, 0x7ec30000, 0x7ec30000)
  from space 512K,  99% used [0x7ecb0000, 0x7ed2fff8, 0x7ed30000)
  to   space 512K,   0% used [0x7ec30000, 0x7ec30000, 0x7ecb0000)
 tenured generation   total 10752K, used 7974K [0x83d50000, 0x847d0000, 0x8e800000)
   the space 10752K,  74% used [0x83d50000, 0x84519b40, 0x84519c00, 0x847d0000)
 compacting perm gen  total 12288K, used 8928K [0x8e800000, 0x8f400000, 0x92800000)
   the space 12288K,  72% used [0x8e800000, 0x8f0b8280, 0x8f0b8400, 0x8f400000)
    ro space 10240K,  58% used [0x92800000, 0x92de0d00, 0x92de0e00, 0x93200000)
    rw space 12288K,  59% used [0x93200000, 0x93915cc0, 0x93915e00, 0x93e00000)
Event: 2,898 GC heap after
Heap after GC invocations=16 (full 0):
 def new generation   total 4800K, used 512K [0x7e800000, 0x7ed30000, 0x83d50000)
  eden space 4288K,   0% used [0x7e800000, 0x7e800000, 0x7ec30000)
  from space 512K, 100% used [0x7ec30000, 0x7ecb0000, 0x7ecb0000)
  to   space 512K,   0% used [0x7ecb0000, 0x7ecb0000, 0x7ed30000)
 tenured generation   total 10752K, used 8139K [0x83d50000, 0x847d0000, 0x8e800000)
   the space 10752K,  75% used [0x83d50000, 0x84542f18, 0x84543000, 0x847d0000)
 compacting perm gen  total 12288K, used 8928K [0x8e800000, 0x8f400000, 0x92800000)
   the space 12288K,  72% used [0x8e800000, 0x8f0b8280, 0x8f0b8400, 0x8f400000)
    ro space 10240K,  58% used [0x92800000, 0x92de0d00, 0x92de0e00, 0x93200000)
    rw space 12288K,  59% used [0x93200000, 0x93915cc0, 0x93915e00, 0x93e00000)
}
Event: 3,005 GC heap before
{Heap before GC invocations=16 (full 0):
 def new generation   total 4800K, used 4800K [0x7e800000, 0x7ed30000, 0x83d50000)
  eden space 4288K, 100% used [0x7e800000, 0x7ec30000, 0x7ec30000)
  from space 512K, 100% used [0x7ec30000, 0x7ecb0000, 0x7ecb0000)
  to   space 512K,   0% used [0x7ecb0000, 0x7ecb0000, 0x7ed30000)
 tenured generation   total 10752K, used 8139K [0x83d50000, 0x847d0000, 0x8e800000)
   the space 10752K,  75% used [0x83d50000, 0x84542f18, 0x84543000, 0x847d0000)
 compacting perm gen  total 12288K, used 9622K [0x8e800000, 0x8f400000, 0x92800000)
   the space 12288K,  78% used [0x8e800000, 0x8f165870, 0x8f165a00, 0x8f400000)
    ro space 10240K,  58% used [0x92800000, 0x92de0d00, 0x92de0e00, 0x93200000)
    rw space 12288K,  59% used [0x93200000, 0x93915cc0, 0x93915e00, 0x93e00000)
Event: 3,008 GC heap after
Heap after GC invocations=17 (full 0):
 def new generation   total 4800K, used 512K [0x7e800000, 0x7ed30000, 0x83d50000)
  eden space 4288K,   0% used [0x7e800000, 0x7e800000, 0x7ec30000)
  from space 512K, 100% used [0x7ecb0000, 0x7ed30000, 0x7ed30000)
  to   space 512K,   0% used [0x7ec30000, 0x7ec30000, 0x7ecb0000)
 tenured generation   total 10752K, used 8437K [0x83d50000, 0x847d0000, 0x8e800000)
   the space 10752K,  78% used [0x83d50000, 0x8458d720, 0x8458d800, 0x847d0000)
 compacting perm gen  total 12288K, used 9622K [0x8e800000, 0x8f400000, 0x92800000)
   the space 12288K,  78% used [0x8e800000, 0x8f165870, 0x8f165a00, 0x8f400000)
    ro space 10240K,  58% used [0x92800000, 0x92de0d00, 0x92de0e00, 0x93200000)
    rw space 12288K,  59% used [0x93200000, 0x93915cc0, 0x93915e00, 0x93e00000)
}
Event: 3,073 GC heap before
{Heap before GC invocations=17 (full 0):
 def new generation   total 4800K, used 4800K [0x7e800000, 0x7ed30000, 0x83d50000)
  eden space 4288K, 100% used [0x7e800000, 0x7ec30000, 0x7ec30000)
  from space 512K, 100% used [0x7ecb0000, 0x7ed30000, 0x7ed30000)
  to   space 512K,   0% used [0x7ec30000, 0x7ec30000, 0x7ecb0000)
 tenured generation   total 10752K, used 8437K [0x83d50000, 0x847d0000, 0x8e800000)
   the space 10752K,  78% used [0x83d50000, 0x8458d720, 0x8458d800, 0x847d0000)
 compacting perm gen  total 12288K, used 10234K [0x8e800000, 0x8f400000, 0x92800000)
   the space 12288K,  83% used [0x8e800000, 0x8f1febd8, 0x8f1fec00, 0x8f400000)
    ro space 10240K,  58% used [0x92800000, 0x92de0d00, 0x92de0e00, 0x93200000)
    rw space 12288K,  59% used [0x93200000, 0x93915cc0, 0x93915e00, 0x93e00000)
Event: 3,076 GC heap after
Heap after GC invocations=18 (full 0):
 def new generation   total 4800K, used 511K [0x7e800000, 0x7ed30000, 0x83d50000)
  eden space 4288K,   0% used [0x7e800000, 0x7e800000, 0x7ec30000)
  from space 512K,  99% used [0x7ec30000, 0x7ecafff8, 0x7ecb0000)
  to   space 512K,   0% used [0x7ecb0000, 0x7ecb0000, 0x7ed30000)
 tenured generation   total 10752K, used 8868K [0x83d50000, 0x847d0000, 0x8e800000)
   the space 10752K,  82% used [0x83d50000, 0x845f9108, 0x845f9200, 0x847d0000)
 compacting perm gen  total 12288K, used 10234K [0x8e800000, 0x8f400000, 0x92800000)
   the space 12288K,  83% used [0x8e800000, 0x8f1febd8, 0x8f1fec00, 0x8f400000)
    ro space 10240K,  58% used [0x92800000, 0x92de0d00, 0x92de0e00, 0x93200000)
    rw space 12288K,  59% used [0x93200000, 0x93915cc0, 0x93915e00, 0x93e00000)
}

Deoptimization events (0 events):
No events

Internal exceptions (10 events):
Event: 3,570 Thread 0xb1873400 Threw 0x7eb90430 at /build/buildd/openjdk-7-7u71-2.5.3/build/openjdk/hotspot/src/share/vm/prims/jvm.cpp:1284
Event: 3,570 Thread 0xb1873400 Threw 0x7eb929f8 at /build/buildd/openjdk-7-7u71-2.5.3/build/openjdk/hotspot/src/share/vm/prims/jvm.cpp:1284
Event: 3,570 Thread 0xb1873400 Threw 0x7eb962f0 at /build/buildd/openjdk-7-7u71-2.5.3/build/openjdk/hotspot/src/share/vm/prims/jvm.cpp:1284
Event: 3,570 Thread 0xb1873400 Threw 0x7eb99e50 at /build/buildd/openjdk-7-7u71-2.5.3/build/openjdk/hotspot/src/share/vm/prims/jvm.cpp:1284
Event: 3,570 Thread 0xb1873400 Threw 0x7eb9cee0 at /build/buildd/openjdk-7-7u71-2.5.3/build/openjdk/hotspot/src/share/vm/prims/jvm.cpp:1284
Event: 3,596 Thread 0x09bf5c00 Threw 0x7eba1018 at /build/buildd/openjdk-7-7u71-2.5.3/build/openjdk/hotspot/src/share/vm/prims/jvm.cpp:1284
Event: 3,655 Thread 0xb6807800 Threw 0x7eba8488 at /build/buildd/openjdk-7-7u71-2.5.3/build/openjdk/hotspot/src/share/vm/prims/jvm.cpp:1284
Event: 3,662 Thread 0xb6807800 Threw 0x7ebace30 at /build/buildd/openjdk-7-7u71-2.5.3/build/openjdk/hotspot/src/share/vm/prims/jvm.cpp:1284
Event: 3,662 Thread 0xb6807800 Threw 0x7ebb3210 at /build/buildd/openjdk-7-7u71-2.5.3/build/openjdk/hotspot/src/share/vm/prims/jvm.cpp:1284
Event: 3,663 Thread 0xb6807800 Threw 0x7ebb7510 at /build/buildd/openjdk-7-7u71-2.5.3/build/openjdk/hotspot/src/share/vm/prims/jvm.cpp:1284

Events (10 events):
Event: 3,596 loading class 0x09cc1098 done
Event: 3,655 loading class 0xb37cf0b0
Event: 3,655 loading class 0xb37cf0b0 done
Event: 3,662 loading class 0xb37d0470
Event: 3,662 loading class 0xb37d0470 done
Event: 3,662 loading class 0x09cc1078
Event: 3,662 loading class 0x09cc1078 done
Event: 3,663 Thread 0xaaf9a400 Thread added: 0xaaf9a400
Event: 3,663 loading class 0x09c9ba90
Event: 3,663 loading class 0x09c9ba90 done


Dynamic libraries:
08048000-08049000 r-xp 00000000 fc:00 6195068    /usr/lib/jvm/java-7-openjdk-i386/jre/bin/java
08049000-0804a000 r--p 00000000 fc:00 6195068    /usr/lib/jvm/java-7-openjdk-i386/jre/bin/java
0804a000-0804b000 rw-p 00001000 fc:00 6195068    /usr/lib/jvm/java-7-openjdk-i386/jre/bin/java
096ce000-09cee000 rw-p 00000000 00:00 0          [heap]
7e800000-7ed30000 rw-p 00000000 00:00 0 
7ed30000-83d50000 rw-p 00000000 00:00 0 
83d50000-847d0000 rw-p 00000000 00:00 0 
847d0000-8e800000 rw-p 00000000 00:00 0 
8e800000-8f400000 rw-p 00000000 00:00 0 
8f400000-92800000 rw-p 00000000 00:00 0 
92800000-92de1000 r--p 00001000 fc:00 4195328    /usr/lib/jvm/java-7-openjdk-i386/jre/lib/i386/client/classes.jsa
92de1000-93200000 rw-p 00000000 00:00 0 
93200000-93916000 rw-p 005e2000 fc:00 4195328    /usr/lib/jvm/java-7-openjdk-i386/jre/lib/i386/client/classes.jsa
93916000-93e00000 rw-p 00000000 00:00 0 
93e00000-94111000 rw-p 00cf8000 fc:00 4195328    /usr/lib/jvm/java-7-openjdk-i386/jre/lib/i386/client/classes.jsa
94111000-94200000 rw-p 00000000 00:00 0 
94200000-94209000 r-xp 01009000 fc:00 4195328    /usr/lib/jvm/java-7-openjdk-i386/jre/lib/i386/client/classes.jsa
94209000-94600000 rw-p 00000000 00:00 0 
aaf00000-aaf9d000 rw-p 00000000 00:00 0 
aaf9d000-ab000000 ---p 00000000 00:00 0 
ab05e000-ab061000 ---p 00000000 00:00 0 
ab061000-ab0af000 rw-p 00000000 00:00 0          [stack:1527]
ab0af000-ab0b2000 ---p 00000000 00:00 0 
ab0b2000-ab100000 rw-p 00000000 00:00 0          [stack:1526]
ab100000-ab1f2000 rw-p 00000000 00:00 0 
ab1f2000-ab200000 ---p 00000000 00:00 0 
ab20a000-ab20d000 ---p 00000000 00:00 0 
ab20d000-ab25b000 rw-p 00000000 00:00 0          [stack:1525]
ab25b000-ab298000 r--p 00000000 fc:00 2395762    /usr/share/fonts/truetype/dejavu/DejaVuSansMono-Oblique.ttf
ab298000-ab2e6000 r--p 00000000 fc:00 2361553    /usr/share/fonts/truetype/dejavu/DejaVuSansMono-Bold.ttf
ab314000-ab34f000 r--p 00000000 fc:00 2395753    /usr/share/fonts/truetype/dejavu/DejaVuSansMono-BoldOblique.ttf
ab34f000-ab37e000 r--p 00000000 fc:00 2361719    /usr/share/fonts/truetype/ubuntu-font-family/UbuntuMono-B.ttf
ab37e000-ab3b1000 r--p 00000000 fc:00 2361721    /usr/share/fonts/truetype/ubuntu-font-family/UbuntuMono-R.ttf
ab3b1000-ab409000 r--p 00000000 fc:00 2361711    /usr/share/fonts/truetype/ubuntu-font-family/Ubuntu-BI.ttf
ab409000-ab468000 r--p 00000000 fc:00 2361718    /usr/share/fonts/truetype/ubuntu-font-family/Ubuntu-RI.ttf
ab485000-ab4ba000 r--p 00000000 fc:00 2361720    /usr/share/fonts/truetype/ubuntu-font-family/UbuntuMono-BI.ttf
ab4ba000-ab4bd000 ---p 00000000 00:00 0 
ab4bd000-ab50b000 rw-p 00000000 00:00 0          [stack:1522]
ab50b000-ab56b000 rw-s 00000000 00:04 6979609    /SYSV00000000 (deleted)
ab56b000-ab56e000 ---p 00000000 00:00 0 
ab56e000-ab5bc000 rw-p 00000000 00:00 0          [stack:1521]
ab5bc000-ab5bf000 ---p 00000000 00:00 0 
ab5bf000-ab60d000 rw-p 00000000 00:00 0          [stack:1520]
ab60d000-ab610000 ---p 00000000 00:00 0 
ab610000-ab65e000 rw-p 00000000 00:00 0          [stack:1519]
ab65e000-ab661000 ---p 00000000 00:00 0 
ab661000-ab6af000 rw-p 00000000 00:00 0          [stack:1518]
ab6af000-ab6b2000 ---p 00000000 00:00 0 
ab6b2000-ab700000 rw-p 00000000 00:00 0          [stack:1517]
ab700000-ab7ff000 rw-p 00000000 00:00 0 
ab7ff000-ab800000 ---p 00000000 00:00 0 
ab803000-ab80d000 r-xp 00000000 fc:00 6297073    /home/ggeorg/.smartgit/6/swt.tmp/libswt-atk-gtk-4333.so
ab80d000-ab80e000 rw-p 0000a000 fc:00 6297073    /home/ggeorg/.smartgit/6/swt.tmp/libswt-atk-gtk-4333.so
ab80e000-ab813000 r-xp 00000000 fc:00 4195590    /lib/i386-linux-gnu/libnss_dns-2.19.so
ab813000-ab814000 r--p 00004000 fc:00 4195590    /lib/i386-linux-gnu/libnss_dns-2.19.so
ab814000-ab815000 rw-p 00005000 fc:00 4195590    /lib/i386-linux-gnu/libnss_dns-2.19.so
ab815000-ab81e000 r-xp 00000000 fc:00 2415779    /usr/lib/jvm/java-7-openjdk-i386/jre/lib/i386/libmanagement.so
ab81e000-ab81f000 r--p 00008000 fc:00 2415779    /usr/lib/jvm/java-7-openjdk-i386/jre/lib/i386/libmanagement.so
ab81f000-ab820000 rw-p 00009000 fc:00 2415779    /usr/lib/jvm/java-7-openjdk-i386/jre/lib/i386/libmanagement.so
ab820000-ab823000 ---p 00000000 00:00 0 
ab823000-ab871000 rw-p 00000000 00:00 0          [stack:1516]
ab871000-ab874000 ---p 00000000 00:00 0 
ab874000-ab8c2000 rw-p 00000000 00:00 0          [stack:1515]
ab8c2000-ab8e6000 r-xp 00000000 fc:00 4195364    /lib/i386-linux-gnu/liblzma.so.5.0.0
ab8e6000-ab8e7000 r--p 00023000 fc:00 4195364    /lib/i386-linux-gnu/liblzma.so.5.0.0
ab8e7000-ab8e8000 rw-p 00024000 fc:00 4195364    /lib/i386-linux-gnu/liblzma.so.5.0.0
ab8e8000-aba3b000 r-xp 00000000 fc:00 1449037    /usr/lib/i386-linux-gnu/libxml2.so.2.9.1
aba3b000-aba3c000 ---p 00153000 fc:00 1449037    /usr/lib/i386-linux-gnu/libxml2.so.2.9.1
aba3c000-aba40000 r--p 00153000 fc:00 1449037    /usr/lib/i386-linux-gnu/libxml2.so.2.9.1
aba40000-aba41000 rw-p 00157000 fc:00 1449037    /usr/lib/i386-linux-gnu/libxml2.so.2.9.1
aba41000-aba42000 rw-p 00000000 00:00 0 
aba42000-aba7b000 r-xp 00000000 fc:00 1447287    /usr/lib/i386-linux-gnu/libcroco-0.6.so.3.0.1
aba7b000-aba7d000 r--p 00039000 fc:00 1447287    /usr/lib/i386-linux-gnu/libcroco-0.6.so.3.0.1
aba7d000-aba7e000 rw-p 0003b000 fc:00 1447287    /usr/lib/i386-linux-gnu/libcroco-0.6.so.3.0.1
aba7e000-abab4000 r-xp 00000000 fc:00 1447936    /usr/lib/i386-linux-gnu/librsvg-2.so.2.40.2
abab4000-abab5000 r--p 00035000 fc:00 1447936    /usr/lib/i386-linux-gnu/librsvg-2.so.2.40.2
abab5000-abab6000 rw-p 00036000 fc:00 1447936    /usr/lib/i386-linux-gnu/librsvg-2.so.2.40.2
abab6000-abab8000 r-xp 00000000 fc:00 4195398    /lib/i386-linux-gnu/libnss_mdns4_minimal.so.2
abab8000-abab9000 r--p 00001000 fc:00 4195398    /lib/i386-linux-gnu/libnss_mdns4_minimal.so.2
abab9000-ababa000 rw-p 00002000 fc:00 4195398    /lib/i386-linux-gnu/libnss_mdns4_minimal.so.2
ababa000-abac3000 r--s 000b9000 fc:00 1487968    /usr/lib/jvm/java-7-openjdk-i386/jre/lib/resources.jar
abac3000-abad7000 r-xp 00000000 fc:00 6297090    /home/ggeorg/.smartgit/6/jna-tmp/com/sun/jna/linux-i386/libjnidispatch.so
abad7000-abad8000 rw-p 00014000 fc:00 6297090    /home/ggeorg/.smartgit/6/jna-tmp/com/sun/jna/linux-i386/libjnidispatch.so
abad8000-abaf6000 r--s 00000000 fc:00 1835358    /usr/share/mime/mime.cache
abaf6000-adf7a000 r--p 00000000 fc:00 2789573    /usr/share/icons/hicolor/icon-theme.cache
adf7a000-af5c2000 r--p 00000000 fc:00 2769259    /usr/share/icons/gnome/icon-theme.cache
af5c2000-af6ab000 r--p 00000000 fc:00 2231103    /usr/share/icons/Humanity/icon-theme.cache
af6ab000-afeab000 rw-s 00000000 00:04 6946842    /SYSV00000000 (deleted)
afeab000-afeac000 ---p 00000000 00:00 0 
afeac000-b06ac000 rw-p 00000000 00:00 0 
b06ac000-b06ad000 ---p 00000000 00:00 0 
b06ad000-b0ead000 rw-p 00000000 00:00 0          [stack:1512]
b0ead000-b0eae000 ---p 00000000 00:00 0 
b0eae000-b16ae000 rw-p 00000000 00:00 0          [stack:1511]
b16ae000-b16f7000 r-xp 00000000 fc:00 4194623    /lib/i386-linux-gnu/libdbus-1.so.3.7.6
b16f7000-b16f8000 r--p 00048000 fc:00 4194623    /lib/i386-linux-gnu/libdbus-1.so.3.7.6
b16f8000-b16f9000 rw-p 00049000 fc:00 4194623    /lib/i386-linux-gnu/libdbus-1.so.3.7.6
b16f9000-b1701000 r-xp 00000000 fc:00 4195379    /lib/i386-linux-gnu/libnih-dbus.so.1.0.0
b1701000-b1702000 r--p 00007000 fc:00 4195379    /lib/i386-linux-gnu/libnih-dbus.so.1.0.0
b1702000-b1703000 rw-p 00008000 fc:00 4195379    /lib/i386-linux-gnu/libnih-dbus.so.1.0.0
b1703000-b171a000 r-xp 00000000 fc:00 4195381    /lib/i386-linux-gnu/libnih.so.1.0.0
b171a000-b171b000 r--p 00016000 fc:00 4195381    /lib/i386-linux-gnu/libnih.so.1.0.0
b171b000-b171c000 rw-p 00017000 fc:00 4195381    /lib/i386-linux-gnu/libnih.so.1.0.0
b171c000-b1738000 r-xp 00000000 fc:00 4194394    /lib/i386-linux-gnu/libcgmanager.so.0.0.0
b1738000-b1739000 r--p 0001b000 fc:00 4194394    /lib/i386-linux-gnu/libcgmanager.so.0.0.0
b1739000-b173a000 rw-p 0001c000 fc:00 4194394    /lib/i386-linux-gnu/libcgmanager.so.0.0.0
b173a000-b174b000 r-xp 00000000 fc:00 4195564    /lib/i386-linux-gnu/libudev.so.1.3.5
b174b000-b174c000 r--p 00010000 fc:00 4195564    /lib/i386-linux-gnu/libudev.so.1.3.5
b174c000-b174d000 rw-p 00011000 fc:00 4195564    /lib/i386-linux-gnu/libudev.so.1.3.5
b174f000-b1750000 r-xp 00000000 fc:00 1448969    /usr/lib/i386-linux-gnu/gdk-pixbuf-2.0/2.10.0/loaders/libpixbufloader-svg.so
b1750000-b1751000 r--p 00001000 fc:00 1448969    /usr/lib/i386-linux-gnu/gdk-pixbuf-2.0/2.10.0/loaders/libpixbufloader-svg.so
b1751000-b1752000 rw-p 00002000 fc:00 1448969    /usr/lib/i386-linux-gnu/gdk-pixbuf-2.0/2.10.0/loaders/libpixbufloader-svg.so
b1752000-b175d000 r--p 00000000 fc:00 2367579    /usr/share/icons/Humanity-Dark/icon-theme.cache
b175d000-b176f000 r--p 00000000 fc:00 2766847    /usr/share/icons/ubuntu-mono-dark/icon-theme.cache
b176f000-b17a1000 r-xp 00000000 fc:00 1449343    /usr/lib/i386-linux-gnu/gvfs/libgvfscommon.so
b17a1000-b17a3000 r--p 00032000 fc:00 1449343    /usr/lib/i386-linux-gnu/gvfs/libgvfscommon.so
b17a3000-b17a4000 rw-p 00034000 fc:00 1449343    /usr/lib/i386-linux-gnu/gvfs/libgvfscommon.so
b17a4000-b17fe000 r-xp 00000000 fc:00 1447661    /usr/lib/i386-linux-gnu/libibus-1.0.so.5.0.505
b17fe000-b17ff000 r--p 0005a000 fc:00 1447661    /usr/lib/i386-linux-gnu/libibus-1.0.so.5.0.505
b17ff000-b1800000 rw-p 0005b000 fc:00 1447661    /usr/lib/i386-linux-gnu/libibus-1.0.so.5.0.505
b1800000-b1900000 rw-p 00000000 00:00 0 
b1902000-b1932000 r-xp 00000000 fc:00 1449043    /usr/lib/i386-linux-gnu/gio/modules/libgvfsdbus.so
b1932000-b1933000 r--p 0002f000 fc:00 1449043    /usr/lib/i386-linux-gnu/gio/modules/libgvfsdbus.so
b1933000-b1934000 rw-p 00030000 fc:00 1449043    /usr/lib/i386-linux-gnu/gio/modules/libgvfsdbus.so
b1934000-b193a000 r-xp 00000000 fc:00 1449279    /usr/lib/i386-linux-gnu/gtk-2.0/2.10.0/immodules/im-ibus.so
b193a000-b193b000 r--p 00005000 fc:00 1449279    /usr/lib/i386-linux-gnu/gtk-2.0/2.10.0/immodules/im-ibus.so
b193b000-b193c000 rw-p 00006000 fc:00 1449279    /usr/lib/i386-linux-gnu/gtk-2.0/2.10.0/immodules/im-ibus.so
b193c000-b19d5000 rw-p 00000000 00:00 0 
b19d5000-b19e0000 r-xp 00000000 fc:00 6305492    /home/ggeorg/.smartgit/6/swt.tmp/libswt-cairo-gtk-4333.so
b19e0000-b19e1000 rw-p 0000a000 fc:00 6305492    /home/ggeorg/.smartgit/6/swt.tmp/libswt-cairo-gtk-4333.so
b19e1000-b1a33000 r--p 00000000 fc:00 2361554    /usr/share/fonts/truetype/dejavu/DejaVuSansMono.ttf
b1a33000-b1a8a000 r--p 00000000 fc:00 2361717    /usr/share/fonts/truetype/ubuntu-font-family/Ubuntu-R.ttf
b1a8a000-b1a8b000 r--s 00000000 fc:00 3932343    /var/cache/fontconfig/c05880de57d1f5e948fdfacc138775d9-le32d4.cache-4
b1a8b000-b1a93000 r--s 00000000 fc:00 3932337    /var/cache/fontconfig/945677eb7aeaf62f1d50efc3fb3ec7d8-le32d4.cache-4
b1a93000-b1a97000 r--s 00000000 fc:00 3932323    /var/cache/fontconfig/2cd17615ca594fa2959ae173292e504c-le32d4.cache-4
b1a97000-b1a98000 r--s 00000000 fc:00 3932353    /var/cache/fontconfig/e7071f4a29fa870f4323321c154eba04-le32d4.cache-4
b1a98000-b1a99000 r--s 00000000 fc:00 3932320    /var/cache/fontconfig/0d8c3b2ac0904cb8a57a757ad11a4a08-le32d4.cache-4
b1a99000-b1a9e000 r--s 00000000 fc:00 3932340    /var/cache/fontconfig/a755afe4a08bf5b97852ceb7400b47bc-le32d4.cache-4
b1a9e000-b1aad000 r--s 00000000 fc:00 3932318    /var/cache/fontconfig/04aabc0a78ac019cf9454389977116d2-le32d4.cache-4
b1aad000-b1aae000 r--s 00000000 fc:00 3932322    /var/cache/fontconfig/1ac9eb803944fde146138c791f5cc56a-le32d4.cache-4
b1aae000-b1ab1000 r--s 00000000 fc:00 3932326    /var/cache/fontconfig/385c0604a188198f04d133e54aba7fe7-le32d4.cache-4
b1ab1000-b1ab2000 r--s 00000000 fc:00 3932350    /var/cache/fontconfig/dc05db6664285cc2f12bf69c139ae4c3-le32d4.cache-4
b1ab2000-b1ab4000 r--s 00000000 fc:00 3932334    /var/cache/fontconfig/767a8244fc0220cfb567a839d0392e0b-le32d4.cache-4
b1ab4000-b1ab5000 r--s 00000000 fc:00 3932905    /var/cache/fontconfig/4794a0821666d79190d59a36cb4f44b5-le32d4.cache-4
b1ab5000-b1ab9000 r--s 00000000 fc:00 3932336    /var/cache/fontconfig/8801497958630a81b71ace7c5f9b32a8-le32d4.cache-4
b1ab9000-b1abe000 r--s 00000000 fc:00 3932324    /var/cache/fontconfig/3047814df9a2f067bd2d96a2b9c36e5a-le32d4.cache-4
b1abe000-b1abf000 r--s 00000000 fc:00 3932330    /var/cache/fontconfig/56cf4f4769d0f4abc89a4895d7bd3ae1-le32d4.cache-4
b1abf000-b1ac3000 r--s 00000000 fc:00 3932341    /var/cache/fontconfig/b47c4e1ecd0709278f4910c18777a504-le32d4.cache-4
b1ac3000-b1ad3000 r--s 00000000 fc:00 3932347    /var/cache/fontconfig/d52a8644073d54c13679302ca1180695-le32d4.cache-4
b1ad3000-b1ada000 r--s 00000000 fc:00 3934508    /var/cache/fontconfig/3f7329c5293ffd510edef78f73874cfd-le32d4.cache-4
b1ada000-b1adb000 ---p 00000000 00:00 0 
b1adb000-b22db000 rw-p 00000000 00:00 0          [stack:1508]
b22db000-b22dc000 ---p 00000000 00:00 0 
b22dc000-b2adc000 rw-p 00000000 00:00 0          [stack:1507]
b2adc000-b2b21000 r--p 00000000 fc:00 1863933    /usr/share/glib-2.0/schemas/gschemas.compiled
b2b21000-b2b28000 r-xp 00000000 fc:00 1447824    /usr/lib/i386-linux-gnu/libogg.so.0.8.1
b2b28000-b2b29000 r--p 00006000 fc:00 1447824    /usr/lib/i386-linux-gnu/libogg.so.0.8.1
b2b29000-b2b2a000 rw-p 00007000 fc:00 1447824    /usr/lib/i386-linux-gnu/libogg.so.0.8.1
b2b2a000-b2b53000 r-xp 00000000 fc:00 1448098    /usr/lib/i386-linux-gnu/libvorbis.so.0.4.5
b2b53000-b2b54000 ---p 00029000 fc:00 1448098    /usr/lib/i386-linux-gnu/libvorbis.so.0.4.5
b2b54000-b2b55000 r--p 00029000 fc:00 1448098    /usr/lib/i386-linux-gnu/libvorbis.so.0.4.5
b2b55000-b2b56000 rw-p 0002a000 fc:00 1448098    /usr/lib/i386-linux-gnu/libvorbis.so.0.4.5
b2b56000-b2b5f000 r-xp 00000000 fc:00 1447730    /usr/lib/i386-linux-gnu/libltdl.so.7.3.0
b2b5f000-b2b60000 r--p 00008000 fc:00 1447730    /usr/lib/i386-linux-gnu/libltdl.so.7.3.0
b2b60000-b2b61000 rw-p 00009000 fc:00 1447730    /usr/lib/i386-linux-gnu/libltdl.so.7.3.0
b2b61000-b2b73000 r-xp 00000000 fc:00 1448019    /usr/lib/i386-linux-gnu/libtdb.so.1.2.12
b2b73000-b2b74000 r--p 00011000 fc:00 1448019    /usr/lib/i386-linux-gnu/libtdb.so.1.2.12
b2b74000-b2b75000 rw-p 00012000 fc:00 1448019    /usr/lib/i386-linux-gnu/libtdb.so.1.2.12
b2b75000-b2b7d000 r-xp 00000000 fc:00 1448102    /usr/lib/i386-linux-gnu/libvorbisfile.so.3.3.4
b2b7d000-b2b7e000 r--p 00007000 fc:00 1448102    /usr/lib/i386-linux-gnu/libvorbisfile.so.3.3.4
b2b7e000-b2b7f000 rw-p 00008000 fc:00 1448102    /usr/lib/i386-linux-gnu/libvorbisfile.so.3.3.4
b2b7f000-b2b8e000 r-xp 00000000 fc:00 1447244    /usr/lib/i386-linux-gnu/libcanberra.so.0.2.5
b2b8e000-b2b8f000 r--p 0000e000 fc:00 1447244    /usr/lib/i386-linux-gnu/libcanberra.so.0.2.5
b2b8f000-b2b90000 rw-p 0000f000 fc:00 1447244    /usr/lib/i386-linux-gnu/libcanberra.so.0.2.5
b2b90000-b2b94000 r-xp 00000000 fc:00 1447240    /usr/lib/i386-linux-gnu/libcanberra-gtk.so.0.1.9
b2b94000-b2b95000 r--p 00003000 fc:00 1447240    /usr/lib/i386-linux-gnu/libcanberra-gtk.so.0.1.9
b2b95000-b2b96000 rw-p 00004000 fc:00 1447240    /usr/lib/i386-linux-gnu/libcanberra-gtk.so.0.1.9
b2b96000-b2bcb000 r-xp 00000000 fc:00 1449275    /usr/lib/i386-linux-gnu/gtk-2.0/2.10.0/engines/libmurrine.so
b2bcb000-b2bcc000 r--p 00034000 fc:00 1449275    /usr/lib/i386-linux-gnu/gtk-2.0/2.10.0/engines/libmurrine.so
b2bcc000-b2bcd000 rw-p 00035000 fc:00 1449275    /usr/lib/i386-linux-gnu/gtk-2.0/2.10.0/engines/libmurrine.so
b2bcd000-b2bdd000 r-xp 00000000 fc:00 1487070    /usr/lib/i386-linux-gnu/libunity-gtk2-parser.so.0.0.0
b2bdd000-b2bde000 r--p 0000f000 fc:00 1487070    /usr/lib/i386-linux-gnu/libunity-gtk2-parser.so.0.0.0
b2bde000-b2bdf000 rw-p 00010000 fc:00 1487070    /usr/lib/i386-linux-gnu/libunity-gtk2-parser.so.0.0.0
b2bdf000-b2be0000 r--s 00000000 fc:00 3932342    /var/cache/fontconfig/b9d506c9ac06c20b433354fa67a72993-le32d4.cache-4
b2be0000-b2be9000 r--s 00000000 fc:00 3962126    /var/cache/fontconfig/d589a48862398ed80a3d6066f4f56f4c-le32d4.cache-4
b2be9000-b2beb000 r--s 00000000 fc:00 3940819    /var/cache/fontconfig/e13b20fdb08344e0e664864cc2ede53d-le32d4.cache-4
b2beb000-b2bef000 rwxp 00000000 00:00 0 
b2bef000-b2bf4000 r--p 00000000 fc:00 6040556    /home/ggeorg/.config/dconf/user
b2bf4000-b2bff000 r-xp 00000000 fc:00 1449038    /usr/lib/i386-linux-gnu/gio/modules/libdconfsettings.so
b2bff000-b2c00000 r--p 0000a000 fc:00 1449038    /usr/lib/i386-linux-gnu/gio/modules/libdconfsettings.so
b2c00000-b2c01000 rw-p 0000b000 fc:00 1449038    /usr/lib/i386-linux-gnu/gio/modules/libdconfsettings.so
b2c01000-b2c08000 r-xp 00000000 fc:00 1447308    /usr/lib/i386-linux-gnu/libdatrie.so.1.3.1
b2c08000-b2c09000 r--p 00006000 fc:00 1447308    /usr/lib/i386-linux-gnu/libdatrie.so.1.3.1
b2c09000-b2c0a000 rw-p 00007000 fc:00 1447308    /usr/lib/i386-linux-gnu/libdatrie.so.1.3.1
b2c0a000-b2c24000 r-xp 00000000 fc:00 1447534    /usr/lib/i386-linux-gnu/libgraphite2.so.3.0.1
b2c24000-b2c25000 r--p 00019000 fc:00 1447534    /usr/lib/i386-linux-gnu/libgraphite2.so.3.0.1
b2c25000-b2c26000 rw-p 0001a000 fc:00 1447534    /usr/lib/i386-linux-gnu/libgraphite2.so.3.0.1
b2c26000-b2c2b000 r-xp 00000000 fc:00 1447116    /usr/lib/i386-linux-gnu/libXdmcp.so.6.0.0
b2c2b000-b2c2c000 r--p 00004000 fc:00 1447116    /usr/lib/i386-linux-gnu/libXdmcp.so.6.0.0
b2c2c000-b2c2d000 rw-p 00005000 fc:00 1447116    /usr/lib/i386-linux-gnu/libXdmcp.so.6.0.0
b2c2d000-b2c2f000 r-xp 00000000 fc:00 1447105    /usr/lib/i386-linux-gnu/libXau.so.6.0.0
b2c2f000-b2c30000 r--p 00001000 fc:00 1447105    /usr/lib/i386-linux-gnu/libXau.so.6.0.0
b2c30000-b2c31000 rw-p 00002000 fc:00 1447105    /usr/lib/i386-linux-gnu/libXau.so.6.0.0
b2c31000-b2c56000 r-xp 00000000 fc:00 4195339    /lib/i386-linux-gnu/libexpat.so.1.6.0
b2c56000-b2c57000 ---p 00025000 fc:00 4195339    /lib/i386-linux-gnu/libexpat.so.1.6.0
b2c57000-b2c59000 r--p 00025000 fc:00 4195339    /lib/i386-linux-gnu/libexpat.so.1.6.0
b2c59000-b2c5a000 rw-p 00027000 fc:00 4195339    /lib/i386-linux-gnu/libexpat.so.1.6.0
b2c5a000-b2c62000 r-xp 00000000 fc:00 1448031    /usr/lib/i386-linux-gnu/libthai.so.0.2.0
b2c62000-b2c63000 r--p 00007000 fc:00 1448031    /usr/lib/i386-linux-gnu/libthai.so.0.2.0
b2c63000-b2c64000 rw-p 00008000 fc:00 1448031    /usr/lib/i386-linux-gnu/libthai.so.0.2.0
b2c64000-b2cb8000 r-xp 00000000 fc:00 1444057    /usr/lib/i386-linux-gnu/libharfbuzz.so.0.927.0
b2cb8000-b2cb9000 r--p 00054000 fc:00 1444057    /usr/lib/i386-linux-gnu/libharfbuzz.so.0.927.0
b2cb9000-b2cba000 rw-p 00055000 fc:00 1444057    /usr/lib/i386-linux-gnu/libharfbuzz.so.0.927.0
b2cba000-b2cc2000 r-xp 00000000 fc:00 1448157    /usr/lib/i386-linux-gnu/libxcb-render.so.0.0.0
b2cc2000-b2cc3000 r--p 00008000 fc:00 1448157    /usr/lib/i386-linux-gnu/libxcb-render.so.0.0.0
b2cc3000-b2cc4000 rw-p 00009000 fc:00 1448157    /usr/lib/i386-linux-gnu/libxcb-render.so.0.0.0
b2cc4000-b2cc6000 r-xp 00000000 fc:00 1448161    /usr/lib/i386-linux-gnu/libxcb-shm.so.0.0.0
b2cc6000-b2cc7000 r--p 00001000 fc:00 1448161    /usr/lib/i386-linux-gnu/libxcb-shm.so.0.0.0
b2cc7000-b2cc8000 rw-p 00002000 fc:00 1448161    /usr/lib/i386-linux-gnu/libxcb-shm.so.0.0.0
b2cc8000-b2cee000 r-xp 00000000 fc:00 4195432    /lib/i386-linux-gnu/libpng12.so.0.50.0
b2cee000-b2cef000 r--p 00025000 fc:00 4195432    /lib/i386-linux-gnu/libpng12.so.0.50.0
b2cef000-b2cf0000 rw-p 00026000 fc:00 4195432    /lib/i386-linux-gnu/libpng12.so.0.50.0
b2cf0000-b2d94000 r-xp 00000000 fc:00 1447863    /usr/lib/i386-linux-gnu/libpixman-1.so.0.30.2
b2d94000-b2d99000 r--p 000a4000 fc:00 1447863    /usr/lib/i386-linux-gnu/libpixman-1.so.0.30.2
b2d99000-b2d9a000 rw-p 000a9000 fc:00 1447863    /usr/lib/i386-linux-gnu/libpixman-1.so.0.30.2
b2d9a000-b2dba000 r-xp 00000000 fc:00 1448171    /usr/lib/i386-linux-gnu/libxcb.so.1.1.0
b2dba000-b2dbb000 r--p 0001f000 fc:00 1448171    /usr/lib/i386-linux-gnu/libxcb.so.1.1.0
b2dbb000-b2dbc000 rw-p 00020000 fc:00 1448171    /usr/lib/i386-linux-gnu/libxcb.so.1.1.0
b2dbc000-b2e56000 r-xp 00000000 fc:00 1447425    /usr/lib/i386-linux-gnu/libfreetype.so.6.11.1
b2e56000-b2e57000 ---p 0009a000 fc:00 1447425    /usr/lib/i386-linux-gnu/libfreetype.so.6.11.1
b2e57000-b2e5b000 r--p 0009a000 fc:00 1447425    /usr/lib/i386-linux-gnu/libfreetype.so.6.11.1
b2e5b000-b2e5c000 rw-p 0009e000 fc:00 1447425    /usr/lib/i386-linux-gnu/libfreetype.so.6.11.1
b2e5c000-b2e5e000 r-xp 00000000 fc:00 1447114    /usr/lib/i386-linux-gnu/libXdamage.so.1.1.0
b2e5e000-b2e5f000 r--p 00001000 fc:00 1447114    /usr/lib/i386-linux-gnu/libXdamage.so.1.1.0
b2e5f000-b2e60000 rw-p 00002000 fc:00 1447114    /usr/lib/i386-linux-gnu/libXdamage.so.1.1.0
b2e60000-b2e62000 r-xp 00000000 fc:00 1447110    /usr/lib/i386-linux-gnu/libXcomposite.so.1.0.0
b2e62000-b2e63000 r--p 00001000 fc:00 1447110    /usr/lib/i386-linux-gnu/libXcomposite.so.1.0.0
b2e63000-b2e64000 rw-p 00002000 fc:00 1447110    /usr/lib/i386-linux-gnu/libXcomposite.so.1.0.0
b2e64000-b2e6d000 r-xp 00000000 fc:00 1447112    /usr/lib/i386-linux-gnu/libXcursor.so.1.0.2
b2e6d000-b2e6e000 r--p 00008000 fc:00 1447112    /usr/lib/i386-linux-gnu/libXcursor.so.1.0.2
b2e6e000-b2e6f000 rw-p 00009000 fc:00 1447112    /usr/lib/i386-linux-gnu/libXcursor.so.1.0.2
b2e6f000-b2e78000 r-xp 00000000 fc:00 1447138    /usr/lib/i386-linux-gnu/libXrandr.so.2.2.0
b2e78000-b2e79000 r--p 00008000 fc:00 1447138    /usr/lib/i386-linux-gnu/libXrandr.so.2.2.0
b2e79000-b2e7a000 rw-p 00009000 fc:00 1447138    /usr/lib/i386-linux-gnu/libXrandr.so.2.2.0
b2e7a000-b2e89000 r-xp 00000000 fc:00 1447126    /usr/lib/i386-linux-gnu/libXi.so.6.1.0
b2e89000-b2e8a000 r--p 0000e000 fc:00 1447126    /usr/lib/i386-linux-gnu/libXi.so.6.1.0
b2e8a000-b2e8b000 rw-p 0000f000 fc:00 1447126    /usr/lib/i386-linux-gnu/libXi.so.6.1.0
b2e8b000-b2e94000 r-xp 00000000 fc:00 1447140    /usr/lib/i386-linux-gnu/libXrender.so.1.3.0
b2e94000-b2e95000 r--p 00008000 fc:00 1447140    /usr/lib/i386-linux-gnu/libXrender.so.1.3.0
b2e95000-b2e96000 rw-p 00009000 fc:00 1447140    /usr/lib/i386-linux-gnu/libXrender.so.1.3.0
b2e96000-b2ea7000 r-xp 00000000 fc:00 1447118    /usr/lib/i386-linux-gnu/libXext.so.6.4.0
b2ea7000-b2ea8000 r--p 00010000 fc:00 1447118    /usr/lib/i386-linux-gnu/libXext.so.6.4.0
b2ea8000-b2ea9000 rw-p 00011000 fc:00 1447118    /usr/lib/i386-linux-gnu/libXext.so.6.4.0
b2ea9000-b2ee2000 r-xp 00000000 fc:00 1447397    /usr/lib/i386-linux-gnu/libfontconfig.so.1.8.0
b2ee2000-b2ee3000 r--p 00039000 fc:00 1447397    /usr/lib/i386-linux-gnu/libfontconfig.so.1.8.0
b2ee3000-b2ee4000 rw-p 0003a000 fc:00 1447397    /usr/lib/i386-linux-gnu/libfontconfig.so.1.8.0
b2ee4000-b2f2e000 r-xp 00000000 fc:00 1447841    /usr/lib/i386-linux-gnu/libpango-1.0.so.0.3600.3
b2f2e000-b2f2f000 ---p 0004a000 fc:00 1447841    /usr/lib/i386-linux-gnu/libpango-1.0.so.0.3600.3
b2f2f000-b2f30000 r--p 0004a000 fc:00 1447841    /usr/lib/i386-linux-gnu/libpango-1.0.so.0.3600.3
b2f30000-b2f31000 rw-p 0004b000 fc:00 1447841    /usr/lib/i386-linux-gnu/libpango-1.0.so.0.3600.3
b2f31000-b2f45000 r-xp 00000000 fc:00 1447839    /usr/lib/i386-linux-gnu/libpangoft2-1.0.so.0.3600.3
b2f45000-b2f46000 r--p 00013000 fc:00 1447839    /usr/lib/i386-linux-gnu/libpangoft2-1.0.so.0.3600.3
b2f46000-b2f47000 rw-p 00014000 fc:00 1447839    /usr/lib/i386-linux-gnu/libpangoft2-1.0.so.0.3600.3
b2f47000-b2f68000 r-xp 00000000 fc:00 1447462    /usr/lib/i386-linux-gnu/libgdk_pixbuf-2.0.so.0.3000.7
b2f68000-b2f69000 r--p 00020000 fc:00 1447462    /usr/lib/i386-linux-gnu/libgdk_pixbuf-2.0.so.0.3000.7
b2f69000-b2f6a000 rw-p 00021000 fc:00 1447462    /usr/lib/i386-linux-gnu/libgdk_pixbuf-2.0.so.0.3000.7
b2f6a000-b3089000 r-xp 00000000 fc:00 1447236    /usr/lib/i386-linux-gnu/libcairo.so.2.11301.0
b3089000-b308b000 r--p 0011e000 fc:00 1447236    /usr/lib/i386-linux-gnu/libcairo.so.2.11301.0
b308b000-b308c000 rw-p 00120000 fc:00 1447236    /usr/lib/i386-linux-gnu/libcairo.so.2.11301.0
b308c000-b308d000 rw-p 00000000 00:00 0 
b308d000-b30ab000 r-xp 00000000 fc:00 1447197    /usr/lib/i386-linux-gnu/libatk-1.0.so.0.21009.1
b30ab000-b30ad000 r--p 0001d000 fc:00 1447197    /usr/lib/i386-linux-gnu/libatk-1.0.so.0.21009.1
b30ad000-b30ae000 rw-p 0001f000 fc:00 1447197    /usr/lib/i386-linux-gnu/libatk-1.0.so.0.21009.1
b30ae000-b31de000 r-xp 00000000 fc:00 1447101    /usr/lib/i386-linux-gnu/libX11.so.6.3.0
b31de000-b31df000 r--p 00130000 fc:00 1447101    /usr/lib/i386-linux-gnu/libX11.so.6.3.0
b31df000-b31e1000 rw-p 00131000 fc:00 1447101    /usr/lib/i386-linux-gnu/libX11.so.6.3.0
b31e1000-b31e2000 rw-p 00000000 00:00 0 
b31e2000-b328d000 r-xp 00000000 fc:00 1447460    /usr/lib/i386-linux-gnu/libgdk-x11-2.0.so.0.2400.23
b328d000-b328e000 ---p 000ab000 fc:00 1447460    /usr/lib/i386-linux-gnu/libgdk-x11-2.0.so.0.2400.23
b328e000-b3290000 r--p 000ab000 fc:00 1447460    /usr/lib/i386-linux-gnu/libgdk-x11-2.0.so.0.2400.23
b3290000-b3291000 rw-p 000ad000 fc:00 1447460    /usr/lib/i386-linux-gnu/libgdk-x11-2.0.so.0.2400.23
b3291000-b36f8000 r-xp 00000000 fc:00 1447627    /usr/lib/i386-linux-gnu/libgtk-x11-2.0.so.0.2400.23
b36f8000-b36fc000 r--p 00466000 fc:00 1447627    /usr/lib/i386-linux-gnu/libgtk-x11-2.0.so.0.2400.23
b36fc000-b36fe000 rw-p 0046a000 fc:00 1447627    /usr/lib/i386-linux-gnu/libgtk-x11-2.0.so.0.2400.23
b36fe000-b3700000 rw-p 00000000 00:00 0 
b3700000-b37f0000 rw-p 00000000 00:00 0 
b37f0000-b3800000 ---p 00000000 00:00 0 
b3800000-b3803000 r--s 00000000 fc:00 3957568    /var/cache/fontconfig/7ef2298fde41cc6eeb7af42e48b7d293-le32d4.cache-4
b3803000-b380e000 r-xp 00000000 fc:00 1447849    /usr/lib/i386-linux-gnu/libpangocairo-1.0.so.0.3600.3
b380e000-b380f000 r--p 0000a000 fc:00 1447849    /usr/lib/i386-linux-gnu/libpangocairo-1.0.so.0.3600.3
b380f000-b3810000 rw-p 0000b000 fc:00 1447849    /usr/lib/i386-linux-gnu/libpangocairo-1.0.so.0.3600.3
b3810000-b3811000 r--s 00000000 fc:00 3932319    /var/cache/fontconfig/0c9eb80ebd1c36541ebe2852d3bb0c49-le32d4.cache-4
b3811000-b3812000 r--s 00000000 00:15 148406     /run/user/1000/dconf/user
b3812000-b3816000 r-xp 00000000 fc:00 1449293    /usr/lib/i386-linux-gnu/gtk-2.0/modules/libcanberra-gtk-module.so
b3816000-b3817000 ---p 00004000 fc:00 1449293    /usr/lib/i386-linux-gnu/gtk-2.0/modules/libcanberra-gtk-module.so
b3817000-b3818000 r--p 00004000 fc:00 1449293    /usr/lib/i386-linux-gnu/gtk-2.0/modules/libcanberra-gtk-module.so
b3818000-b3819000 rw-p 00005000 fc:00 1449293    /usr/lib/i386-linux-gnu/gtk-2.0/modules/libcanberra-gtk-module.so
b3819000-b381d000 r-xp 00000000 fc:00 1444347    /usr/lib/i386-linux-gnu/gtk-2.0/modules/libunity-gtk-module.so
b381d000-b381e000 r--p 00003000 fc:00 1444347    /usr/lib/i386-linux-gnu/gtk-2.0/modules/libunity-gtk-module.so
b381e000-b381f000 rw-p 00004000 fc:00 1444347    /usr/lib/i386-linux-gnu/gtk-2.0/modules/libunity-gtk-module.so
b381f000-b3830000 r-xp 00000000 fc:00 1449296    /usr/lib/i386-linux-gnu/gtk-2.0/modules/liboverlay-scrollbar.so
b3830000-b3831000 r--p 00010000 fc:00 1449296    /usr/lib/i386-linux-gnu/gtk-2.0/modules/liboverlay-scrollbar.so
b3831000-b3832000 rw-p 00011000 fc:00 1449296    /usr/lib/i386-linux-gnu/gtk-2.0/modules/liboverlay-scrollbar.so
b3832000-b3894000 r-xp 00000000 fc:00 6299363    /home/ggeorg/.smartgit/6/swt.tmp/libswt-pi-gtk-4333.so
b3894000-b3895000 rw-p 00062000 fc:00 6299363    /home/ggeorg/.smartgit/6/swt.tmp/libswt-pi-gtk-4333.so
b3895000-b3897000 rw-p 00000000 00:00 0 
b3897000-b3900000 r--s 00619000 fc:00 6330209    /home/ggeorg/.smartgit/updates/6/3161/smartgit.jar
b3900000-b39f2000 rw-p 00000000 00:00 0 
b39f2000-b3a00000 ---p 00000000 00:00 0 
b3a00000-b3a02000 r-xp 00000000 fc:00 1447128    /usr/lib/i386-linux-gnu/libXinerama.so.1.0.0
b3a02000-b3a03000 r--p 00001000 fc:00 1447128    /usr/lib/i386-linux-gnu/libXinerama.so.1.0.0
b3a03000-b3a04000 rw-p 00002000 fc:00 1447128    /usr/lib/i386-linux-gnu/libXinerama.so.1.0.0
b3a04000-b3a08000 r-xp 00000000 fc:00 1447120    /usr/lib/i386-linux-gnu/libXfixes.so.3.1.0
b3a08000-b3a09000 r--p 00003000 fc:00 1447120    /usr/lib/i386-linux-gnu/libXfixes.so.3.1.0
b3a09000-b3a0a000 rw-p 00004000 fc:00 1447120    /usr/lib/i386-linux-gnu/libXfixes.so.3.1.0
b3a0a000-b3a0f000 r-xp 00000000 fc:00 1447146    /usr/lib/i386-linux-gnu/libXtst.so.6.1.0
b3a0f000-b3a10000 r--p 00004000 fc:00 1447146    /usr/lib/i386-linux-gnu/libXtst.so.6.1.0
b3a10000-b3a11000 rw-p 00005000 fc:00 1447146    /usr/lib/i386-linux-gnu/libXtst.so.6.1.0
b3a11000-b3a12000 r-xp 00000000 fc:00 1442217    /usr/lib/i386-linux-gnu/libgthread-2.0.so.0.4002.0
b3a12000-b3a13000 r--p 00000000 fc:00 1442217    /usr/lib/i386-linux-gnu/libgthread-2.0.so.0.4002.0
b3a13000-b3a14000 rw-p 00001000 fc:00 1442217    /usr/lib/i386-linux-gnu/libgthread-2.0.so.0.4002.0
b3a14000-b3a17000 r-xp 00000000 fc:00 6297106    /home/ggeorg/.smartgit/6/swt.tmp/libswt-gtk-4333.so
b3a17000-b3a18000 rw-p 00003000 fc:00 6297106    /home/ggeorg/.smartgit/6/swt.tmp/libswt-gtk-4333.so
b3a18000-b3a19000 rw-p 00000000 00:00 0 
b3a19000-b3a1c000 ---p 00000000 00:00 0 
b3a1c000-b3a32000 rw-p 00000000 00:00 0          [stack:1505]
b3a32000-b3a37000 r--s 0004c000 fc:00 1487956    /usr/lib/jvm/java-7-openjdk-i386/jre/lib/jsse.jar
b3a37000-b3a4d000 r--s 00550000 fc:00 6330197    /home/ggeorg/.smartgit/updates/6/3161/org.eclipse.swt.gtk.linux.x86.jar
b3a4d000-b3a7d000 r--s 00830000 fc:00 6330206    /home/ggeorg/.smartgit/updates/6/3161/svnkit.jar
b3a7d000-b3a7f000 r--s 00026000 fc:00 6330201    /home/ggeorg/.smartgit/updates/6/3161/pegdown.jar
b3a7f000-b3a9d000 r--s 00395000 fc:00 6330192    /home/ggeorg/.smartgit/updates/6/3161/jgit.jar
b3a9d000-b3a9f000 r--s 00029000 fc:00 6330190    /home/ggeorg/.smartgit/updates/6/3161/java-prettify.jar
b3a9f000-b3aab000 r--s 0016b000 fc:00 6330189    /home/ggeorg/.smartgit/updates/6/3161/hg4j.jar
b3aab000-b3aad000 r--s 00013000 fc:00 6330200    /home/ggeorg/.smartgit/updates/6/3161/parboiled-java-1.1.6.jar
b3aad000-b3ab2000 r--s 00029000 fc:00 6330199    /home/ggeorg/.smartgit/updates/6/3161/parboiled-core-1.1.6.jar
b3ab2000-b3ab6000 r--s 00030000 fc:00 6330187    /home/ggeorg/.smartgit/updates/6/3161/asm-all-4.0.jar
b3ab6000-b3ab7000 r--s 00003000 fc:00 6330195    /home/ggeorg/.smartgit/updates/6/3161/json_simple-1.1.jar
b3ab7000-b3ab9000 r--s 0000b000 fc:00 6330194    /home/ggeorg/.smartgit/updates/6/3161/jopt-simple-3.2.jar
b3ab9000-b3ac0000 r--s 00059000 fc:00 6330196    /home/ggeorg/.smartgit/updates/6/3161/log4j.jar
b3ac0000-b3ac4000 r--s 0001c000 fc:00 6330191    /home/ggeorg/.smartgit/updates/6/3161/javaewah.jar
b3ac4000-b3ac9000 r--s 0006d000 fc:00 6330208    /home/ggeorg/.smartgit/updates/6/3161/trilead.jar
b3ac9000-b3ad8000 r--s 00115000 fc:00 6330202    /home/ggeorg/.smartgit/updates/6/3161/platform.jar
b3ad8000-b3adb000 r--s 000a6000 fc:00 6330193    /home/ggeorg/.smartgit/updates/6/3161/jna.jar
b3adb000-b3ae2000 r--s 0004a000 fc:00 6330205    /home/ggeorg/.smartgit/updates/6/3161/svnkit-javahl16.jar
b3ae2000-b3b1e000 r-xp 00000000 fc:00 4195420    /lib/i386-linux-gnu/libpcre.so.3.13.1
b3b1e000-b3b1f000 r--p 0003b000 fc:00 4195420    /lib/i386-linux-gnu/libpcre.so.3.13.1
b3b1f000-b3b20000 rw-p 0003c000 fc:00 4195420    /lib/i386-linux-gnu/libpcre.so.3.13.1
b3b20000-b3b33000 r-xp 00000000 fc:00 4195578    /lib/i386-linux-gnu/libresolv-2.19.so
b3b33000-b3b34000 ---p 00013000 fc:00 4195578    /lib/i386-linux-gnu/libresolv-2.19.so
b3b34000-b3b35000 r--p 00013000 fc:00 4195578    /lib/i386-linux-gnu/libresolv-2.19.so
b3b35000-b3b36000 rw-p 00014000 fc:00 4195578    /lib/i386-linux-gnu/libresolv-2.19.so
b3b36000-b3b38000 rw-p 00000000 00:00 0 
b3b38000-b3b58000 r-xp 00000000 fc:00 4195447    /lib/i386-linux-gnu/libselinux.so.1
b3b58000-b3b59000 r--p 0001f000 fc:00 4195447    /lib/i386-linux-gnu/libselinux.so.1
b3b59000-b3b5a000 rw-p 00020000 fc:00 4195447    /lib/i386-linux-gnu/libselinux.so.1
b3b5a000-b3b5b000 rw-p 00000000 00:00 0 
b3b5b000-b3c65000 r-xp 00000000 fc:00 4204382    /lib/i386-linux-gnu/libglib-2.0.so.0.4002.0
b3c65000-b3c66000 r--p 00109000 fc:00 4204382    /lib/i386-linux-gnu/libglib-2.0.so.0.4002.0
b3c66000-b3c67000 rw-p 0010a000 fc:00 4204382    /lib/i386-linux-gnu/libglib-2.0.so.0.4002.0
b3c67000-b3cb7000 r-xp 00000000 fc:00 1442178    /usr/lib/i386-linux-gnu/libgobject-2.0.so.0.4002.0
b3cb7000-b3cb8000 r--p 0004f000 fc:00 1442178    /usr/lib/i386-linux-gnu/libgobject-2.0.so.0.4002.0
b3cb8000-b3cb9000 rw-p 00050000 fc:00 1442178    /usr/lib/i386-linux-gnu/libgobject-2.0.so.0.4002.0
b3cb9000-b3e36000 r-xp 00000000 fc:00 1442247    /usr/lib/i386-linux-gnu/libgio-2.0.so.0.4002.0
b3e36000-b3e38000 r--p 0017d000 fc:00 1442247    /usr/lib/i386-linux-gnu/libgio-2.0.so.0.4002.0
b3e38000-b3e39000 rw-p 0017f000 fc:00 1442247    /usr/lib/i386-linux-gnu/libgio-2.0.so.0.4002.0
b3e39000-b3e3a000 rw-p 00000000 00:00 0 
b3e3a000-b3e49000 r--s 000ab000 fc:00 6330204    /home/ggeorg/.smartgit/updates/6/3161/sqljet.jar
b3e49000-b3e5a000 r-xp 00000000 fc:00 2415764    /usr/lib/jvm/java-7-openjdk-i386/jre/lib/i386/libnio.so
b3e5a000-b3e5b000 r--p 00010000 fc:00 2415764    /usr/lib/jvm/java-7-openjdk-i386/jre/lib/i386/libnio.so
b3e5b000-b3e5c000 rw-p 00011000 fc:00 2415764    /usr/lib/jvm/java-7-openjdk-i386/jre/lib/i386/libnio.so
b3e5c000-b3e5d000 ---p 00000000 00:00 0 
b3e5d000-b3edd000 rw-p 00000000 00:00 0          [stack:1503]
b3edd000-b3ee0000 ---p 00000000 00:00 0 
b3ee0000-b3f2e000 rw-p 00000000 00:00 0          [stack:1496]
b3f2e000-b3f31000 ---p 00000000 00:00 0 
b3f31000-b3faf000 rw-p 00000000 00:00 0          [stack:1495]
b3faf000-b3fb2000 ---p 00000000 00:00 0 
b3fb2000-b4000000 rw-p 00000000 00:00 0          [stack:1491]
b4000000-b4200000 r--p 00000000 fc:00 1450249    /usr/lib/locale/locale-archive
b4200000-b42c6000 rw-p 00000000 00:00 0 
b42c6000-b4300000 ---p 00000000 00:00 0 
b4300000-b4303000 r--s 0000f000 fc:00 6330203    /home/ggeorg/.smartgit/updates/6/3161/sequence-library.jar
b4303000-b4307000 r--s 00025000 fc:00 6330186    /home/ggeorg/.smartgit/updates/6/3161/antlr-runtime.jar
b4307000-b430c000 r-xp 00000000 fc:00 1447383    /usr/lib/i386-linux-gnu/libffi.so.6.0.1
b430c000-b430d000 r--p 00005000 fc:00 1447383    /usr/lib/i386-linux-gnu/libffi.so.6.0.1
b430d000-b430e000 rw-p 00006000 fc:00 1447383    /usr/lib/i386-linux-gnu/libffi.so.6.0.1
b430e000-b4311000 r-xp 00000000 fc:00 1451226    /usr/lib/i386-linux-gnu/libgmodule-2.0.so.0.4002.0
b4311000-b4312000 r--p 00002000 fc:00 1451226    /usr/lib/i386-linux-gnu/libgmodule-2.0.so.0.4002.0
b4312000-b4313000 rw-p 00003000 fc:00 1451226    /usr/lib/i386-linux-gnu/libgmodule-2.0.so.0.4002.0
b4313000-b432a000 r-xp 00000000 fc:00 2415772    /usr/lib/jvm/java-7-openjdk-i386/jre/lib/i386/libnet.so
b432a000-b432b000 r--p 00016000 fc:00 2415772    /usr/lib/jvm/java-7-openjdk-i386/jre/lib/i386/libnet.so
b432b000-b432c000 rw-p 00017000 fc:00 2415772    /usr/lib/jvm/java-7-openjdk-i386/jre/lib/i386/libnet.so
b432c000-b432e000 r--s 00009000 fc:00 6169007    /home/ggeorg/Applications/smartgithg-6_0_6/lib/bootloader.jar
b432e000-b4330000 r--s 00006000 fc:00 1871922    /usr/share/java/java-atk-wrapper.jar
b4330000-b4333000 r--s 0000f000 fc:00 1487963    /usr/lib/jvm/java-7-openjdk-i386/jre/lib/ext/icedtea-sound.jar
b4333000-b4336000 ---p 00000000 00:00 0 
b4336000-b4384000 rw-p 00000000 00:00 0          [stack:1489]
b4384000-b4387000 ---p 00000000 00:00 0 
b4387000-b43d5000 rw-p 00000000 00:00 0          [stack:1487]
b43d5000-b43d6000 ---p 00000000 00:00 0 
b43d6000-b449f000 rw-p 00000000 00:00 0          [stack:1486]
b449f000-b4650000 r--s 01d25000 fc:00 1487948    /usr/lib/jvm/java-7-openjdk-i386/jre/lib/rt.jar
b4650000-b4657000 rw-p 00000000 00:00 0 
b4657000-b4671000 rw-p 00000000 00:00 0 
b4671000-b4677000 rw-p 00000000 00:00 0 
b4677000-b46c7000 rw-p 00000000 00:00 0 
b46c7000-b46ca000 rw-p 00000000 00:00 0 
b46ca000-b46f1000 rw-p 00000000 00:00 0 
b46f1000-b46f7000 rw-p 00000000 00:00 0 
b46f7000-b4747000 rw-p 00000000 00:00 0 
b4747000-b474d000 rw-p 00000000 00:00 0 
b474d000-b4767000 rw-p 00000000 00:00 0 
b4767000-b477e000 rw-p 00000000 00:00 0 
b477e000-b47f3000 rw-p 00000000 00:00 0 
b47f3000-b4a7b000 rwxp 00000000 00:00 0 
b4a7b000-b67f3000 rw-p 00000000 00:00 0 
b67f3000-b67fe000 r-xp 00000000 fc:00 4195588    /lib/i386-linux-gnu/libnss_files-2.19.so
b67fe000-b67ff000 r--p 0000a000 fc:00 4195588    /lib/i386-linux-gnu/libnss_files-2.19.so
b67ff000-b6800000 rw-p 0000b000 fc:00 4195588    /lib/i386-linux-gnu/libnss_files-2.19.so
b6800000-b6900000 rw-p 00000000 00:00 0 
b6900000-b6901000 r--s 00002000 fc:00 1487966    /usr/lib/jvm/java-7-openjdk-i386/jre/lib/ext/dnsns.jar
b6901000-b6905000 r--s 0003c000 fc:00 1487964    /usr/lib/jvm/java-7-openjdk-i386/jre/lib/ext/sunpkcs11.jar
b6905000-b6907000 r--s 00012000 fc:00 1487965    /usr/lib/jvm/java-7-openjdk-i386/jre/lib/ext/zipfs.jar
b6907000-b6911000 r-xp 00000000 fc:00 4195592    /lib/i386-linux-gnu/libnss_nis-2.19.so
b6911000-b6912000 r--p 00009000 fc:00 4195592    /lib/i386-linux-gnu/libnss_nis-2.19.so
b6912000-b6913000 rw-p 0000a000 fc:00 4195592    /lib/i386-linux-gnu/libnss_nis-2.19.so
b6913000-b6928000 r-xp 00000000 fc:00 4195601    /lib/i386-linux-gnu/libnsl-2.19.so
b6928000-b6929000 r--p 00015000 fc:00 4195601    /lib/i386-linux-gnu/libnsl-2.19.so
b6929000-b692a000 rw-p 00016000 fc:00 4195601    /lib/i386-linux-gnu/libnsl-2.19.so
b692a000-b692c000 rw-p 00000000 00:00 0 
b692c000-b6930000 r--s 00034000 fc:00 1487962    /usr/lib/jvm/java-7-openjdk-i386/jre/lib/ext/sunjce_provider.jar
b6930000-b6934000 r--s 00085000 fc:00 1487967    /usr/lib/jvm/java-7-openjdk-i386/jre/lib/ext/localedata.jar
b6934000-b6935000 r--p 00855000 fc:00 1450249    /usr/lib/locale/locale-archive
b6935000-b693c000 rw-p 00000000 00:00 0 
b693c000-b6944000 r-xp 00000000 fc:00 2362513    /usr/lib/jvm/java-7-openjdk-i386/jre/lib/i386/libzip.so
b6944000-b6945000 r--p 00007000 fc:00 2362513    /usr/lib/jvm/java-7-openjdk-i386/jre/lib/i386/libzip.so
b6945000-b6946000 rw-p 00008000 fc:00 2362513    /usr/lib/jvm/java-7-openjdk-i386/jre/lib/i386/libzip.so
b6946000-b694e000 rw-s 00000000 fc:00 2663127    /tmp/hsperfdata_ggeorg/1484
b694e000-b6975000 r-xp 00000000 fc:00 2362512    /usr/lib/jvm/java-7-openjdk-i386/jre/lib/i386/libjava.so
b6975000-b6976000 r--p 00026000 fc:00 2362512    /usr/lib/jvm/java-7-openjdk-i386/jre/lib/i386/libjava.so
b6976000-b6977000 rw-p 00027000 fc:00 2362512    /usr/lib/jvm/java-7-openjdk-i386/jre/lib/i386/libjava.so
b6977000-b697e000 r-xp 00000000 fc:00 4195584    /lib/i386-linux-gnu/librt-2.19.so
b697e000-b697f000 r--p 00006000 fc:00 4195584    /lib/i386-linux-gnu/librt-2.19.so
b697f000-b6980000 rw-p 00007000 fc:00 4195584    /lib/i386-linux-gnu/librt-2.19.so
b6980000-b6983000 ---p 00000000 00:00 0 
b6983000-b69d1000 rw-p 00000000 00:00 0          [stack:1485]
b69d1000-b69ed000 r-xp 00000000 fc:00 4195293    /lib/i386-linux-gnu/libgcc_s.so.1
b69ed000-b69ee000 rw-p 0001b000 fc:00 4195293    /lib/i386-linux-gnu/libgcc_s.so.1
b69ee000-b6a32000 r-xp 00000000 fc:00 4195602    /lib/i386-linux-gnu/libm-2.19.so
b6a32000-b6a33000 r--p 00043000 fc:00 4195602    /lib/i386-linux-gnu/libm-2.19.so
b6a33000-b6a34000 rw-p 00044000 fc:00 4195602    /lib/i386-linux-gnu/libm-2.19.so
b6a34000-b6b10000 r-xp 00000000 fc:00 1448009    /usr/lib/i386-linux-gnu/libstdc++.so.6.0.19
b6b10000-b6b11000 ---p 000dc000 fc:00 1448009    /usr/lib/i386-linux-gnu/libstdc++.so.6.0.19
b6b11000-b6b15000 r--p 000dc000 fc:00 1448009    /usr/lib/i386-linux-gnu/libstdc++.so.6.0.19
b6b15000-b6b16000 rw-p 000e0000 fc:00 1448009    /usr/lib/i386-linux-gnu/libstdc++.so.6.0.19
b6b16000-b6b1d000 rw-p 00000000 00:00 0 
b6b1d000-b7145000 r-xp 00000000 fc:00 4239355    /usr/lib/jvm/java-7-openjdk-i386/jre/lib/i386/client/libjvm.so
b7145000-b7146000 ---p 00628000 fc:00 4239355    /usr/lib/jvm/java-7-openjdk-i386/jre/lib/i386/client/libjvm.so
b7146000-b715c000 r--p 00628000 fc:00 4239355    /usr/lib/jvm/java-7-openjdk-i386/jre/lib/i386/client/libjvm.so
b715c000-b716b000 rw-p 0063e000 fc:00 4239355    /usr/lib/jvm/java-7-openjdk-i386/jre/lib/i386/client/libjvm.so
b716b000-b7586000 rw-p 00000000 00:00 0 
b7586000-b759e000 r-xp 00000000 fc:00 4195480    /lib/i386-linux-gnu/libz.so.1.2.8
b759e000-b759f000 r--p 00017000 fc:00 4195480    /lib/i386-linux-gnu/libz.so.1.2.8
b759f000-b75a0000 rw-p 00018000 fc:00 4195480    /lib/i386-linux-gnu/libz.so.1.2.8
b75a0000-b75b8000 r-xp 00000000 fc:00 4195591    /lib/i386-linux-gnu/libpthread-2.19.so
b75b8000-b75b9000 r--p 00018000 fc:00 4195591    /lib/i386-linux-gnu/libpthread-2.19.so
b75b9000-b75ba000 rw-p 00019000 fc:00 4195591    /lib/i386-linux-gnu/libpthread-2.19.so
b75ba000-b75bc000 rw-p 00000000 00:00 0 
b75bc000-b75bf000 r-xp 00000000 fc:00 4195595    /lib/i386-linux-gnu/libdl-2.19.so
b75bf000-b75c0000 r--p 00002000 fc:00 4195595    /lib/i386-linux-gnu/libdl-2.19.so
b75c0000-b75c1000 rw-p 00003000 fc:00 4195595    /lib/i386-linux-gnu/libdl-2.19.so
b75c1000-b776a000 r-xp 00000000 fc:00 4195589    /lib/i386-linux-gnu/libc-2.19.so
b776a000-b776c000 r--p 001a9000 fc:00 4195589    /lib/i386-linux-gnu/libc-2.19.so
b776c000-b776d000 rw-p 001ab000 fc:00 4195589    /lib/i386-linux-gnu/libc-2.19.so
b776d000-b7770000 rw-p 00000000 00:00 0 
b7770000-b7771000 r--p 00859000 fc:00 1450249    /usr/lib/locale/locale-archive
b7771000-b7777000 rw-p 00000000 00:00 0 
b7777000-b777e000 r-xp 00000000 fc:00 4195587    /lib/i386-linux-gnu/libnss_compat-2.19.so
b777e000-b777f000 r--p 00006000 fc:00 4195587    /lib/i386-linux-gnu/libnss_compat-2.19.so
b777f000-b7780000 rw-p 00007000 fc:00 4195587    /lib/i386-linux-gnu/libnss_compat-2.19.so
b7780000-b7781000 rw-p 00000000 00:00 0 
b7781000-b7782000 r--p 00000000 00:00 0 
b7782000-b7790000 r-xp 00000000 fc:00 2415783    /usr/lib/jvm/java-7-openjdk-i386/jre/lib/i386/libverify.so
b7790000-b7791000 r--p 0000d000 fc:00 2415783    /usr/lib/jvm/java-7-openjdk-i386/jre/lib/i386/libverify.so
b7791000-b7792000 rw-p 0000e000 fc:00 2415783    /usr/lib/jvm/java-7-openjdk-i386/jre/lib/i386/libverify.so
b7792000-b779e000 r-xp 00000000 fc:00 3568179    /usr/lib/jvm/java-7-openjdk-i386/jre/lib/i386/jli/libjli.so
b779e000-b779f000 r--p 0000c000 fc:00 3568179    /usr/lib/jvm/java-7-openjdk-i386/jre/lib/i386/jli/libjli.so
b779f000-b77a0000 rw-p 0000d000 fc:00 3568179    /usr/lib/jvm/java-7-openjdk-i386/jre/lib/i386/jli/libjli.so
b77a0000-b77a3000 rw-p 00000000 00:00 0 
b77a3000-b77a4000 r-xp 00000000 00:00 0          [vdso]
b77a4000-b77c4000 r-xp 00000000 fc:00 4195604    /lib/i386-linux-gnu/ld-2.19.so
b77c4000-b77c5000 r--p 0001f000 fc:00 4195604    /lib/i386-linux-gnu/ld-2.19.so
b77c5000-b77c6000 rw-p 00020000 fc:00 4195604    /lib/i386-linux-gnu/ld-2.19.so
bff97000-bff98000 rwxp 00000000 00:00 0 
bffca000-bffeb000 rw-p 00000000 00:00 0          [stack]

VM Arguments:
jvm_args: -Dsun.io.useCanonCaches=false -Xmx256m -Xverify:none -Dsmartgit.vm-xmx=256m 
java_command: /home/ggeorg/Applications/smartgithg-6_0_6/lib/bootloader.jar
Launcher Type: SUN_STANDARD

Environment Variables:
PATH=/usr/local/sbin:/usr/local/bin:/usr/sbin:/usr/bin:/sbin:/bin:/usr/games:/usr/local/games
LD_LIBRARY_PATH=:/usr/lib/gnome-private/lib
SHELL=/bin/bash
DISPLAY=:0

Signal Handlers:
SIGSEGV: [libjvm.so+0x4e4d50], sa_mask[0]=0x7ffbfeff, sa_flags=0x10000004
SIGBUS: [libjvm.so+0x4e4d50], sa_mask[0]=0x7ffbfeff, sa_flags=0x10000004
SIGFPE: [libjvm.so+0x3c5610], sa_mask[0]=0x7ffbfeff, sa_flags=0x10000004
SIGPIPE: SIG_IGN, sa_mask[0]=0x00001000, sa_flags=0x10000000
SIGXFSZ: [libjvm.so+0x3c5610], sa_mask[0]=0x7ffbfeff, sa_flags=0x10000004
SIGILL: [libjvm.so+0x3c5610], sa_mask[0]=0x7ffbfeff, sa_flags=0x10000004
SIGUSR1: SIG_DFL, sa_mask[0]=0x00000000, sa_flags=0x00000000
SIGUSR2: [libjvm.so+0x3c54a0], sa_mask[0]=0x00000000, sa_flags=0x10000004
SIGHUP: [libjvm.so+0x3c56d0], sa_mask[0]=0x7ffbfeff, sa_flags=0x10000004
SIGINT: [libjvm.so+0x3c56d0], sa_mask[0]=0x7ffbfeff, sa_flags=0x10000004
SIGTERM: [libjvm.so+0x3c56d0], sa_mask[0]=0x7ffbfeff, sa_flags=0x10000004
SIGQUIT: [libjvm.so+0x3c56d0], sa_mask[0]=0x7ffbfeff, sa_flags=0x10000004
SIGTRAP: SIG_DFL, sa_mask[0]=0x00000000, sa_flags=0x00000000


---------------  S Y S T E M  ---------------

OS:Ubuntu 14.04 (trusty)
uname:Linux 3.13.0-44-generic #73-Ubuntu SMP Tue Dec 16 00:23:46 UTC 2014 i686
libc:glibc 2.19 NPTL 2.19 
rlimit: STACK 8192k, CORE 0k, NPROC 7855, NOFILE 4096, AS infinity
load average:0,91 0,87 0,53

/proc/meminfo:
MemTotal:        1025468 kB
MemFree:           70728 kB
Buffers:            3420 kB
Cached:           113692 kB
SwapCached:        60448 kB
Active:           360092 kB
Inactive:         487296 kB
Active(anon):     308480 kB
Inactive(anon):   427940 kB
Active(file):      51612 kB
Inactive(file):    59356 kB
Unevictable:           0 kB
Mlocked:               0 kB
HighTotal:        135048 kB
HighFree:           2036 kB
LowTotal:         890420 kB
LowFree:           68692 kB
SwapTotal:       1044476 kB
SwapFree:         445248 kB
Dirty:              2548 kB
Writeback:             0 kB
AnonPages:        684972 kB
Mapped:            73472 kB
Shmem:              6060 kB
Slab:              33992 kB
SReclaimable:      16168 kB
SUnreclaim:        17824 kB
KernelStack:        4000 kB
PageTables:        11288 kB
NFS_Unstable:          0 kB
Bounce:                0 kB
WritebackTmp:          0 kB
CommitLimit:     1557208 kB
Committed_AS:    4398244 kB
VmallocTotal:     122880 kB
VmallocUsed:       26556 kB
VmallocChunk:      63464 kB
HardwareCorrupted:     0 kB
AnonHugePages:    141312 kB
HugePages_Total:       0
HugePages_Free:        0
HugePages_Rsvd:        0
HugePages_Surp:        0
Hugepagesize:       2048 kB
DirectMap4k:       51192 kB
DirectMap2M:      862208 kB


CPU:total 1 (1 cores per cpu, 1 threads per core) family 6 model 58 stepping 9, cmov, cx8, fxsr, mmx, sse, sse2, sse3, ssse3, sse4.1, sse4.2, popcnt, avx, aes, erms, tsc, tscinvbit, tscinv

/proc/cpuinfo:
processor	: 0
vendor_id	: GenuineIntel
cpu family	: 6
model		: 58
model name	: Intel(R) Core(TM) i7-3840QM CPU @ 2.80GHz
stepping	: 9
microcode	: 0x15
cpu MHz		: 2793.181
cache size	: 8192 KB
physical id	: 0
siblings	: 1
core id		: 0
cpu cores	: 1
apicid		: 0
initial apicid	: 0
fdiv_bug	: no
f00f_bug	: no
coma_bug	: no
fpu		: yes
fpu_exception	: yes
cpuid level	: 13
wp		: yes
flags		: fpu vme de pse tsc msr pae mce cx8 apic sep mtrr pge mca cmov pat pse36 clflush dts mmx fxsr sse sse2 ss nx rdtscp lm constant_tsc arch_perfmon pebs bts xtopology tsc_reliable nonstop_tsc aperfmperf eagerfpu pni pclmulqdq ssse3 cx16 pcid sse4_1 sse4_2 x2apic popcnt aes xsave avx f16c rdrand hypervisor lahf_lm ida arat epb xsaveopt pln pts dtherm fsgsbase smep
bogomips	: 5586.36
clflush size	: 64
cache_alignment	: 64
address sizes	: 40 bits physical, 48 bits virtual
power management:



Memory: 4k page, physical 1025468k(70728k free), swap 1044476k(445248k free)

vm_info: OpenJDK Client VM (24.65-b04) for linux-x86 JRE (1.7.0_65-b32), built on Oct 22 2014 04:47:25 by "buildd" with gcc 4.8.2

time: Tue Jan 20 14:08:40 2015
elapsed time: 3 seconds

